{"C:\\Users\\nirma\\Desktop\\SOEN390_19\\Server\\src\\Models\\Assembler.js": {"path":"C:\\Users\\nirma\\Desktop\\SOEN390_19\\Server\\src\\Models\\Assembler.js","statementMap":{"0":{"start":{"line":7,"column":17},"end":{"line":7,"column":36}},"1":{"start":{"line":8,"column":13},"end":{"line":8,"column":37}},"2":{"start":{"line":9,"column":13},"end":{"line":9,"column":33}},"3":{"start":{"line":12,"column":24},"end":{"line":16,"column":2}},"4":{"start":{"line":29,"column":8},"end":{"line":29,"column":33}},"5":{"start":{"line":30,"column":8},"end":{"line":30,"column":29}},"6":{"start":{"line":31,"column":8},"end":{"line":31,"column":38}},"7":{"start":{"line":35,"column":22},"end":{"line":35,"column":41}},"8":{"start":{"line":36,"column":22},"end":{"line":36,"column":39}},"9":{"start":{"line":37,"column":22},"end":{"line":37,"column":40}},"10":{"start":{"line":46,"column":25},"end":{"line":46,"column":56}},"11":{"start":{"line":47,"column":25},"end":{"line":47,"column":68}},"12":{"start":{"line":48,"column":8},"end":{"line":48,"column":24}},"13":{"start":{"line":64,"column":8},"end":{"line":64,"column":26}},"14":{"start":{"line":65,"column":8},"end":{"line":65,"column":34}},"15":{"start":{"line":66,"column":8},"end":{"line":66,"column":26}},"16":{"start":{"line":67,"column":8},"end":{"line":67,"column":27}},"17":{"start":{"line":69,"column":8},"end":{"line":69,"column":102}},"18":{"start":{"line":73,"column":34},"end":{"line":73,"column":52}},"19":{"start":{"line":74,"column":34},"end":{"line":74,"column":62}},"20":{"start":{"line":75,"column":34},"end":{"line":75,"column":60}},"21":{"start":{"line":76,"column":34},"end":{"line":76,"column":52}},"22":{"start":{"line":77,"column":34},"end":{"line":77,"column":71}},"23":{"start":{"line":78,"column":34},"end":{"line":78,"column":61}},"24":{"start":{"line":79,"column":34},"end":{"line":79,"column":71}},"25":{"start":{"line":80,"column":34},"end":{"line":80,"column":133}},"26":{"start":{"line":88,"column":31},"end":{"line":88,"column":64}},"27":{"start":{"line":124,"column":25},"end":{"line":124,"column":27}},"28":{"start":{"line":125,"column":34},"end":{"line":125,"column":50}},"29":{"start":{"line":126,"column":29},"end":{"line":126,"column":34}},"30":{"start":{"line":128,"column":4},"end":{"line":157,"column":5}},"31":{"start":{"line":130,"column":19},"end":{"line":130,"column":87}},"32":{"start":{"line":132,"column":8},"end":{"line":156,"column":9}},"33":{"start":{"line":132,"column":26},"end":{"line":132,"column":92}},"34":{"start":{"line":134,"column":34},"end":{"line":134,"column":52}},"35":{"start":{"line":135,"column":40},"end":{"line":135,"column":62}},"36":{"start":{"line":138,"column":12},"end":{"line":138,"column":122}},"37":{"start":{"line":138,"column":57},"end":{"line":138,"column":121}},"38":{"start":{"line":142,"column":16},"end":{"line":142,"column":99}},"39":{"start":{"line":145,"column":12},"end":{"line":148,"column":13}},"40":{"start":{"line":146,"column":16},"end":{"line":146,"column":72}},"41":{"start":{"line":147,"column":16},"end":{"line":147,"column":42}},"42":{"start":{"line":150,"column":28},"end":{"line":154,"column":13}},"43":{"start":{"line":155,"column":12},"end":{"line":155,"column":43}},"44":{"start":{"line":160,"column":17},"end":{"line":164,"column":5}},"45":{"start":{"line":165,"column":4},"end":{"line":165,"column":18}},"46":{"start":{"line":178,"column":4},"end":{"line":248,"column":5}},"47":{"start":{"line":180,"column":8},"end":{"line":180,"column":75}},"48":{"start":{"line":180,"column":53},"end":{"line":180,"column":74}},"49":{"start":{"line":181,"column":8},"end":{"line":181,"column":100}},"50":{"start":{"line":181,"column":34},"end":{"line":181,"column":99}},"51":{"start":{"line":182,"column":8},"end":{"line":182,"column":95}},"52":{"start":{"line":185,"column":27},"end":{"line":185,"column":76}},"53":{"start":{"line":188,"column":27},"end":{"line":239,"column":10}},"54":{"start":{"line":192,"column":12},"end":{"line":196,"column":13}},"55":{"start":{"line":193,"column":16},"end":{"line":193,"column":133}},"56":{"start":{"line":194,"column":16},"end":{"line":194,"column":131}},"57":{"start":{"line":195,"column":16},"end":{"line":195,"column":63}},"58":{"start":{"line":199,"column":27},"end":{"line":199,"column":49}},"59":{"start":{"line":207,"column":26},"end":{"line":207,"column":53}},"60":{"start":{"line":210,"column":20},"end":{"line":210,"column":21}},"61":{"start":{"line":211,"column":12},"end":{"line":224,"column":13}},"62":{"start":{"line":214,"column":36},"end":{"line":214,"column":77}},"63":{"start":{"line":215,"column":37},"end":{"line":215,"column":84}},"64":{"start":{"line":216,"column":16},"end":{"line":216,"column":20}},"65":{"start":{"line":218,"column":16},"end":{"line":222,"column":25}},"66":{"start":{"line":223,"column":16},"end":{"line":223,"column":98}},"67":{"start":{"line":227,"column":33},"end":{"line":227,"column":76}},"68":{"start":{"line":228,"column":12},"end":{"line":232,"column":21}},"69":{"start":{"line":233,"column":12},"end":{"line":233,"column":119}},"70":{"start":{"line":234,"column":12},"end":{"line":234,"column":36}},"71":{"start":{"line":237,"column":12},"end":{"line":237,"column":60}},"72":{"start":{"line":238,"column":12},"end":{"line":238,"column":21}},"73":{"start":{"line":241,"column":8},"end":{"line":241,"column":28}},"74":{"start":{"line":244,"column":8},"end":{"line":244,"column":52}},"75":{"start":{"line":245,"column":8},"end":{"line":245,"column":25}},"76":{"start":{"line":246,"column":8},"end":{"line":246,"column":17}},"77":{"start":{"line":251,"column":0},"end":{"line":251,"column":35}},"78":{"start":{"line":252,"column":0},"end":{"line":252,"column":37}},"79":{"start":{"line":253,"column":0},"end":{"line":253,"column":72}},"80":{"start":{"line":254,"column":0},"end":{"line":254,"column":43}},"81":{"start":{"line":255,"column":0},"end":{"line":255,"column":59}}},"fnMap":{"0":{"name":"(anonymous_0)","decl":{"start":{"line":28,"column":4},"end":{"line":28,"column":5}},"loc":{"start":{"line":28,"column":55},"end":{"line":32,"column":5}},"line":28},"1":{"name":"(anonymous_1)","decl":{"start":{"line":35,"column":4},"end":{"line":35,"column":5}},"loc":{"start":{"line":35,"column":20},"end":{"line":35,"column":43}},"line":35},"2":{"name":"(anonymous_2)","decl":{"start":{"line":36,"column":4},"end":{"line":36,"column":5}},"loc":{"start":{"line":36,"column":20},"end":{"line":36,"column":41}},"line":36},"3":{"name":"(anonymous_3)","decl":{"start":{"line":37,"column":4},"end":{"line":37,"column":5}},"loc":{"start":{"line":37,"column":20},"end":{"line":37,"column":42}},"line":37},"4":{"name":"(anonymous_4)","decl":{"start":{"line":45,"column":4},"end":{"line":45,"column":5}},"loc":{"start":{"line":45,"column":18},"end":{"line":49,"column":5}},"line":45},"5":{"name":"(anonymous_5)","decl":{"start":{"line":63,"column":4},"end":{"line":63,"column":5}},"loc":{"start":{"line":63,"column":37},"end":{"line":70,"column":5}},"line":63},"6":{"name":"(anonymous_6)","decl":{"start":{"line":73,"column":4},"end":{"line":73,"column":5}},"loc":{"start":{"line":73,"column":32},"end":{"line":73,"column":54}},"line":73},"7":{"name":"(anonymous_7)","decl":{"start":{"line":74,"column":4},"end":{"line":74,"column":5}},"loc":{"start":{"line":74,"column":32},"end":{"line":74,"column":64}},"line":74},"8":{"name":"(anonymous_8)","decl":{"start":{"line":75,"column":4},"end":{"line":75,"column":5}},"loc":{"start":{"line":75,"column":32},"end":{"line":75,"column":62}},"line":75},"9":{"name":"(anonymous_9)","decl":{"start":{"line":76,"column":4},"end":{"line":76,"column":5}},"loc":{"start":{"line":76,"column":32},"end":{"line":76,"column":54}},"line":76},"10":{"name":"(anonymous_10)","decl":{"start":{"line":77,"column":4},"end":{"line":77,"column":5}},"loc":{"start":{"line":77,"column":32},"end":{"line":77,"column":73}},"line":77},"11":{"name":"(anonymous_11)","decl":{"start":{"line":78,"column":4},"end":{"line":78,"column":5}},"loc":{"start":{"line":78,"column":32},"end":{"line":78,"column":63}},"line":78},"12":{"name":"(anonymous_12)","decl":{"start":{"line":79,"column":4},"end":{"line":79,"column":5}},"loc":{"start":{"line":79,"column":32},"end":{"line":79,"column":73}},"line":79},"13":{"name":"(anonymous_13)","decl":{"start":{"line":80,"column":4},"end":{"line":80,"column":5}},"loc":{"start":{"line":80,"column":32},"end":{"line":80,"column":135}},"line":80},"14":{"name":"(anonymous_14)","decl":{"start":{"line":88,"column":4},"end":{"line":88,"column":5}},"loc":{"start":{"line":88,"column":29},"end":{"line":88,"column":66}},"line":88},"15":{"name":"(anonymous_15)","decl":{"start":{"line":93,"column":4},"end":{"line":93,"column":5}},"loc":{"start":{"line":93,"column":9},"end":{"line":95,"column":5}},"line":93},"16":{"name":"ensurePartsAvailable","decl":{"start":{"line":122,"column":15},"end":{"line":122,"column":35}},"loc":{"start":{"line":122,"column":64},"end":{"line":166,"column":1}},"line":122},"17":{"name":"assembleBike","decl":{"start":{"line":177,"column":15},"end":{"line":177,"column":27}},"loc":{"start":{"line":177,"column":54},"end":{"line":249,"column":1}},"line":177},"18":{"name":"(anonymous_18)","decl":{"start":{"line":189,"column":14},"end":{"line":189,"column":15}},"loc":{"start":{"line":189,"column":21},"end":{"line":235,"column":9}},"line":189},"19":{"name":"(anonymous_19)","decl":{"start":{"line":236,"column":15},"end":{"line":236,"column":16}},"loc":{"start":{"line":236,"column":22},"end":{"line":239,"column":9}},"line":236}},"branchMap":{"0":{"loc":{"start":{"line":132,"column":8},"end":{"line":156,"column":9}},"type":"if","locations":[{"start":{"line":132,"column":8},"end":{"line":156,"column":9}},{"start":{"line":132,"column":8},"end":{"line":156,"column":9}}],"line":132},"1":{"loc":{"start":{"line":138,"column":12},"end":{"line":138,"column":122}},"type":"if","locations":[{"start":{"line":138,"column":12},"end":{"line":138,"column":122}},{"start":{"line":138,"column":12},"end":{"line":138,"column":122}}],"line":138},"2":{"loc":{"start":{"line":145,"column":12},"end":{"line":148,"column":13}},"type":"if","locations":[{"start":{"line":145,"column":12},"end":{"line":148,"column":13}},{"start":{"line":145,"column":12},"end":{"line":148,"column":13}}],"line":145},"3":{"loc":{"start":{"line":180,"column":8},"end":{"line":180,"column":75}},"type":"if","locations":[{"start":{"line":180,"column":8},"end":{"line":180,"column":75}},{"start":{"line":180,"column":8},"end":{"line":180,"column":75}}],"line":180},"4":{"loc":{"start":{"line":181,"column":8},"end":{"line":181,"column":100}},"type":"if","locations":[{"start":{"line":181,"column":8},"end":{"line":181,"column":100}},{"start":{"line":181,"column":8},"end":{"line":181,"column":100}}],"line":181},"5":{"loc":{"start":{"line":192,"column":12},"end":{"line":196,"column":13}},"type":"if","locations":[{"start":{"line":192,"column":12},"end":{"line":196,"column":13}},{"start":{"line":192,"column":12},"end":{"line":196,"column":13}}],"line":192}},"s":{"0":1,"1":1,"2":1,"3":1,"4":0,"5":0,"6":0,"7":0,"8":0,"9":0,"10":0,"11":0,"12":0,"13":0,"14":0,"15":0,"16":0,"17":0,"18":0,"19":0,"20":0,"21":0,"22":0,"23":0,"24":0,"25":0,"26":0,"27":1,"28":1,"29":1,"30":1,"31":1,"32":1,"33":1,"34":0,"35":0,"36":0,"37":0,"38":0,"39":0,"40":0,"41":0,"42":0,"43":0,"44":0,"45":0,"46":2,"47":2,"48":0,"49":2,"50":1,"51":1,"52":1,"53":1,"54":0,"55":0,"56":0,"57":0,"58":0,"59":0,"60":0,"61":0,"62":0,"63":0,"64":0,"65":0,"66":0,"67":0,"68":0,"69":0,"70":0,"71":0,"72":0,"73":0,"74":2,"75":2,"76":2,"77":1,"78":1,"79":1,"80":1,"81":1},"f":{"0":0,"1":0,"2":0,"3":0,"4":0,"5":0,"6":0,"7":0,"8":0,"9":0,"10":0,"11":0,"12":0,"13":0,"14":0,"15":0,"16":1,"17":2,"18":0,"19":0},"b":{"0":[1,0],"1":[0,0],"2":[0,0],"3":[0,2],"4":[1,1],"5":[0,0]},"_coverageSchema":"1a1c01bbd47fc00a2c39e90264f33305004495a9","hash":"4ce37f2c1dcf192526b0056d2cb6dcd3a144e198"}
,"C:\\Users\\nirma\\Desktop\\SOEN390_19\\Server\\src\\Models\\Bike.js": {"path":"C:\\Users\\nirma\\Desktop\\SOEN390_19\\Server\\src\\Models\\Bike.js","statementMap":{"0":{"start":{"line":6,"column":17},"end":{"line":6,"column":36}},"1":{"start":{"line":8,"column":25},"end":{"line":11,"column":2}},"2":{"start":{"line":14,"column":20},"end":{"line":26,"column":2}},"3":{"start":{"line":28,"column":0},"end":{"line":28,"column":60}}},"fnMap":{},"branchMap":{},"s":{"0":2,"1":2,"2":2,"3":2},"f":{},"b":{},"_coverageSchema":"1a1c01bbd47fc00a2c39e90264f33305004495a9","hash":"6ee0f3f683d0b668688504f386db10439394521c"}
,"C:\\Users\\nirma\\Desktop\\SOEN390_19\\Server\\src\\Models\\BikePart.js": {"path":"C:\\Users\\nirma\\Desktop\\SOEN390_19\\Server\\src\\Models\\BikePart.js","statementMap":{"0":{"start":{"line":6,"column":17},"end":{"line":6,"column":36}},"1":{"start":{"line":9,"column":20},"end":{"line":18,"column":2}},"2":{"start":{"line":20,"column":0},"end":{"line":20,"column":68}}},"fnMap":{},"branchMap":{},"s":{"0":2,"1":2,"2":2},"f":{},"b":{},"_coverageSchema":"1a1c01bbd47fc00a2c39e90264f33305004495a9","hash":"2584b049790d3f8c66415e4902fc08d38c87718b"}
,"C:\\Users\\nirma\\Desktop\\SOEN390_19\\Server\\src\\Models\\Business.js": {"path":"C:\\Users\\nirma\\Desktop\\SOEN390_19\\Server\\src\\Models\\Business.js","statementMap":{"0":{"start":{"line":6,"column":17},"end":{"line":6,"column":36}},"1":{"start":{"line":9,"column":24},"end":{"line":13,"column":2}},"2":{"start":{"line":15,"column":0},"end":{"line":15,"column":61}}},"fnMap":{},"branchMap":{},"s":{"0":3,"1":3,"2":3},"f":{},"b":{},"_coverageSchema":"1a1c01bbd47fc00a2c39e90264f33305004495a9","hash":"b104ddbe647220448c3397b12e830caa8066ee8a"}
,"C:\\Users\\nirma\\Desktop\\SOEN390_19\\Server\\src\\Models\\Client.js": {"path":"C:\\Users\\nirma\\Desktop\\SOEN390_19\\Server\\src\\Models\\Client.js","statementMap":{"0":{"start":{"line":2,"column":17},"end":{"line":2,"column":36}},"1":{"start":{"line":3,"column":17},"end":{"line":3,"column":41}},"2":{"start":{"line":6,"column":24},"end":{"line":9,"column":2}},"3":{"start":{"line":11,"column":13},"end":{"line":11,"column":60}},"4":{"start":{"line":13,"column":0},"end":{"line":13,"column":57}}},"fnMap":{},"branchMap":{},"s":{"0":1,"1":1,"2":1,"3":1,"4":1},"f":{},"b":{},"_coverageSchema":"1a1c01bbd47fc00a2c39e90264f33305004495a9","hash":"b751d96c296ba172d5705efd81d803553b8c62cb"}
,"C:\\Users\\nirma\\Desktop\\SOEN390_19\\Server\\src\\Models\\Supplier.js": {"path":"C:\\Users\\nirma\\Desktop\\SOEN390_19\\Server\\src\\Models\\Supplier.js","statementMap":{"0":{"start":{"line":7,"column":17},"end":{"line":7,"column":36}},"1":{"start":{"line":8,"column":17},"end":{"line":8,"column":41}},"2":{"start":{"line":13,"column":25},"end":{"line":16,"column":2}},"3":{"start":{"line":19,"column":24},"end":{"line":22,"column":2}},"4":{"start":{"line":24,"column":15},"end":{"line":24,"column":66}},"5":{"start":{"line":27,"column":0},"end":{"line":27,"column":84}},"6":{"start":{"line":28,"column":0},"end":{"line":28,"column":94}}},"fnMap":{},"branchMap":{},"s":{"0":1,"1":1,"2":1,"3":1,"4":1,"5":1,"6":1},"f":{},"b":{},"_coverageSchema":"1a1c01bbd47fc00a2c39e90264f33305004495a9","hash":"9895d617a7a45c76364571125bd701c918e6b5a1"}
,"C:\\Users\\nirma\\Desktop\\SOEN390_19\\Server\\src\\Models\\User.js": {"path":"C:\\Users\\nirma\\Desktop\\SOEN390_19\\Server\\src\\Models\\User.js","statementMap":{"0":{"start":{"line":6,"column":17},"end":{"line":6,"column":36}},"1":{"start":{"line":7,"column":15},"end":{"line":7,"column":32}},"2":{"start":{"line":10,"column":20},"end":{"line":16,"column":2}},"3":{"start":{"line":20,"column":15},"end":{"line":20,"column":57}},"4":{"start":{"line":21,"column":21},"end":{"line":21,"column":26}},"5":{"start":{"line":22,"column":15},"end":{"line":22,"column":90}},"6":{"start":{"line":24,"column":4},"end":{"line":28,"column":6}},"7":{"start":{"line":33,"column":4},"end":{"line":33,"column":117}},"8":{"start":{"line":36,"column":0},"end":{"line":36,"column":60}},"9":{"start":{"line":37,"column":0},"end":{"line":37,"column":43}},"10":{"start":{"line":38,"column":0},"end":{"line":38,"column":53}}},"fnMap":{"0":{"name":"hashPassword","decl":{"start":{"line":19,"column":9},"end":{"line":19,"column":21}},"loc":{"start":{"line":19,"column":32},"end":{"line":29,"column":1}},"line":19},"1":{"name":"isPasswordCorrect","decl":{"start":{"line":32,"column":9},"end":{"line":32,"column":26}},"loc":{"start":{"line":32,"column":83},"end":{"line":34,"column":1}},"line":32}},"branchMap":{},"s":{"0":1,"1":1,"2":1,"3":2,"4":2,"5":2,"6":2,"7":1,"8":1,"9":1,"10":1},"f":{"0":2,"1":1},"b":{},"_coverageSchema":"1a1c01bbd47fc00a2c39e90264f33305004495a9","hash":"315e6409e8acfdc8bb77ff2e21f4c3d1095ad5a2"}
}
